[2025-10-28T20:36:43.259+0000] {local_task_job_runner.py:123} INFO - ::group::Pre task execution logs
[2025-10-28T20:36:43.296+0000] {taskinstance.py:2614} INFO - Dependencies all met for dep_context=non-requeueable deps ti=<TaskInstance: crawl_etl_itjob.load_bronze manual__2025-10-28T14:22:46.701447+00:00 [queued]>
[2025-10-28T20:36:43.307+0000] {taskinstance.py:2614} INFO - Dependencies all met for dep_context=requeueable deps ti=<TaskInstance: crawl_etl_itjob.load_bronze manual__2025-10-28T14:22:46.701447+00:00 [queued]>
[2025-10-28T20:36:43.308+0000] {taskinstance.py:2867} INFO - Starting attempt 3 of 3
[2025-10-28T20:36:43.323+0000] {taskinstance.py:2890} INFO - Executing <Task(BashOperator): load_bronze> on 2025-10-28 14:22:46.701447+00:00
[2025-10-28T20:36:43.327+0000] {standard_task_runner.py:72} INFO - Started process 171 to run task
[2025-10-28T20:36:43.331+0000] {standard_task_runner.py:104} INFO - Running: ['***', 'tasks', 'run', 'crawl_etl_itjob', 'load_bronze', 'manual__2025-10-28T14:22:46.701447+00:00', '--job-id', '31', '--raw', '--subdir', 'DAGS_FOLDER/Crawl_ETL_ITJob.py', '--cfg-path', '/tmp/tmpabsodrnf']
[2025-10-28T20:36:43.333+0000] {standard_task_runner.py:105} INFO - Job 31: Subtask load_bronze
[2025-10-28T20:36:43.358+0000] {warnings.py:109} WARNING - /home/***/.local/lib/python3.8/site-packages/***/settings.py:209: DeprecationWarning: The sql_alchemy_conn option in [core] has been moved to the sql_alchemy_conn option in [database] - the old setting has been used, but please update your config.
  SQL_ALCHEMY_CONN = conf.get("database", "SQL_ALCHEMY_CONN")

[2025-10-28T20:36:43.426+0000] {task_command.py:467} INFO - Running <TaskInstance: crawl_etl_itjob.load_bronze manual__2025-10-28T14:22:46.701447+00:00 [running]> on host a1de7f96d4f1
[2025-10-28T20:36:43.541+0000] {taskinstance.py:3134} INFO - Exporting env vars: AIRFLOW_CTX_DAG_EMAIL='alert@datateam.local' AIRFLOW_CTX_DAG_OWNER='***' AIRFLOW_CTX_DAG_ID='crawl_etl_itjob' AIRFLOW_CTX_TASK_ID='load_bronze' AIRFLOW_CTX_EXECUTION_DATE='2025-10-28T14:22:46.701447+00:00' AIRFLOW_CTX_TRY_NUMBER='3' AIRFLOW_CTX_DAG_RUN_ID='manual__2025-10-28T14:22:46.701447+00:00'
[2025-10-28T20:36:43.543+0000] {taskinstance.py:732} INFO - ::endgroup::
[2025-10-28T20:36:43.555+0000] {subprocess.py:78} INFO - Tmp dir root location: /tmp
[2025-10-28T20:36:43.556+0000] {subprocess.py:88} INFO - Running command: ['/bin/bash', '-c', "\n        docker exec spark-submit bash -c '\n        /opt/spark/bin/spark-submit         --master spark://spark-master:7077         --deploy-mode client         --packages org.apache.iceberg:iceberg-spark-runtime-3.5_2.12:1.5.0         /opt/spark/scripts/Load_Bronze.py\n        '\n        "]
[2025-10-28T20:36:43.564+0000] {subprocess.py:99} INFO - Output:
[2025-10-28T20:36:45.658+0000] {subprocess.py:106} INFO - :: loading settings :: url = jar:file:/opt/spark/jars/ivy-2.5.1.jar!/org/apache/ivy/core/settings/ivysettings.xml
[2025-10-28T20:36:45.773+0000] {subprocess.py:106} INFO - Ivy Default Cache set to: /home/spark/.ivy2/cache
[2025-10-28T20:36:45.776+0000] {subprocess.py:106} INFO - The jars for the packages stored in: /home/spark/.ivy2/jars
[2025-10-28T20:36:45.781+0000] {subprocess.py:106} INFO - org.apache.iceberg#iceberg-spark-runtime-3.5_2.12 added as a dependency
[2025-10-28T20:36:45.783+0000] {subprocess.py:106} INFO - :: resolving dependencies :: org.apache.spark#spark-submit-parent-2f5dda25-7c8e-48de-81f3-2d4c0745e80e;1.0
[2025-10-28T20:36:45.783+0000] {subprocess.py:106} INFO - 	confs: [default]
[2025-10-28T20:36:45.886+0000] {subprocess.py:106} INFO - 	found org.apache.iceberg#iceberg-spark-runtime-3.5_2.12;1.5.0 in central
[2025-10-28T20:36:45.901+0000] {subprocess.py:106} INFO - :: resolution report :: resolve 115ms :: artifacts dl 3ms
[2025-10-28T20:36:45.902+0000] {subprocess.py:106} INFO - 	:: modules in use:
[2025-10-28T20:36:45.903+0000] {subprocess.py:106} INFO - 	org.apache.iceberg#iceberg-spark-runtime-3.5_2.12;1.5.0 from central in [default]
[2025-10-28T20:36:45.903+0000] {subprocess.py:106} INFO - 	---------------------------------------------------------------------
[2025-10-28T20:36:45.904+0000] {subprocess.py:106} INFO - 	|                  |            modules            ||   artifacts   |
[2025-10-28T20:36:45.904+0000] {subprocess.py:106} INFO - 	|       conf       | number| search|dwnlded|evicted|| number|dwnlded|
[2025-10-28T20:36:45.905+0000] {subprocess.py:106} INFO - 	---------------------------------------------------------------------
[2025-10-28T20:36:45.905+0000] {subprocess.py:106} INFO - 	|      default     |   1   |   0   |   0   |   0   ||   1   |   0   |
[2025-10-28T20:36:45.906+0000] {subprocess.py:106} INFO - 	---------------------------------------------------------------------
[2025-10-28T20:36:45.906+0000] {subprocess.py:106} INFO - :: retrieving :: org.apache.spark#spark-submit-parent-2f5dda25-7c8e-48de-81f3-2d4c0745e80e
[2025-10-28T20:36:45.906+0000] {subprocess.py:106} INFO - 	confs: [default]
[2025-10-28T20:36:45.911+0000] {subprocess.py:106} INFO - 	0 artifacts copied, 1 already retrieved (0kB/6ms)
[2025-10-28T20:36:46.169+0000] {subprocess.py:106} INFO - 25/10/28 20:36:46 WARN NativeCodeLoader: Unable to load native-hadoop library for your platform... using builtin-java classes where applicable
[2025-10-28T20:36:47.395+0000] {subprocess.py:106} INFO - 25/10/28 20:36:47 INFO SparkContext: Running Spark version 3.5.3
[2025-10-28T20:36:47.400+0000] {subprocess.py:106} INFO - 25/10/28 20:36:47 INFO SparkContext: OS info Linux, 6.6.87.2-microsoft-standard-WSL2, amd64
[2025-10-28T20:36:47.401+0000] {subprocess.py:106} INFO - 25/10/28 20:36:47 INFO SparkContext: Java version 11.0.24
[2025-10-28T20:36:47.436+0000] {subprocess.py:106} INFO - 25/10/28 20:36:47 INFO ResourceUtils: ==============================================================
[2025-10-28T20:36:47.437+0000] {subprocess.py:106} INFO - 25/10/28 20:36:47 INFO ResourceUtils: No custom resources configured for spark.driver.
[2025-10-28T20:36:47.438+0000] {subprocess.py:106} INFO - 25/10/28 20:36:47 INFO ResourceUtils: ==============================================================
[2025-10-28T20:36:47.438+0000] {subprocess.py:106} INFO - 25/10/28 20:36:47 INFO SparkContext: Submitted application: Load_Bronze_Hive_Iceberg
[2025-10-28T20:36:47.474+0000] {subprocess.py:106} INFO - 25/10/28 20:36:47 INFO ResourceProfile: Default ResourceProfile created, executor resources: Map(memory -> name: memory, amount: 1024, script: , vendor: , offHeap -> name: offHeap, amount: 0, script: , vendor: ), task resources: Map(cpus -> name: cpus, amount: 1.0)
[2025-10-28T20:36:47.487+0000] {subprocess.py:106} INFO - 25/10/28 20:36:47 INFO ResourceProfile: Limiting resource is cpu
[2025-10-28T20:36:47.488+0000] {subprocess.py:106} INFO - 25/10/28 20:36:47 INFO ResourceProfileManager: Added ResourceProfile id: 0
[2025-10-28T20:36:47.557+0000] {subprocess.py:106} INFO - 25/10/28 20:36:47 INFO SecurityManager: Changing view acls to: spark
[2025-10-28T20:36:47.558+0000] {subprocess.py:106} INFO - 25/10/28 20:36:47 INFO SecurityManager: Changing modify acls to: spark
[2025-10-28T20:36:47.559+0000] {subprocess.py:106} INFO - 25/10/28 20:36:47 INFO SecurityManager: Changing view acls groups to:
[2025-10-28T20:36:47.560+0000] {subprocess.py:106} INFO - 25/10/28 20:36:47 INFO SecurityManager: Changing modify acls groups to:
[2025-10-28T20:36:47.560+0000] {subprocess.py:106} INFO - 25/10/28 20:36:47 INFO SecurityManager: SecurityManager: authentication disabled; ui acls disabled; users with view permissions: spark; groups with view permissions: EMPTY; users with modify permissions: spark; groups with modify permissions: EMPTY
[2025-10-28T20:36:47.887+0000] {subprocess.py:106} INFO - 25/10/28 20:36:47 INFO Utils: Successfully started service 'sparkDriver' on port 33363.
[2025-10-28T20:36:47.921+0000] {subprocess.py:106} INFO - 25/10/28 20:36:47 INFO SparkEnv: Registering MapOutputTracker
[2025-10-28T20:36:47.955+0000] {subprocess.py:106} INFO - 25/10/28 20:36:47 INFO SparkEnv: Registering BlockManagerMaster
[2025-10-28T20:36:47.973+0000] {subprocess.py:106} INFO - 25/10/28 20:36:47 INFO BlockManagerMasterEndpoint: Using org.apache.spark.storage.DefaultTopologyMapper for getting topology information
[2025-10-28T20:36:47.976+0000] {subprocess.py:106} INFO - 25/10/28 20:36:47 INFO BlockManagerMasterEndpoint: BlockManagerMasterEndpoint up
[2025-10-28T20:36:47.979+0000] {subprocess.py:106} INFO - 25/10/28 20:36:47 INFO SparkEnv: Registering BlockManagerMasterHeartbeat
[2025-10-28T20:36:48.008+0000] {subprocess.py:106} INFO - 25/10/28 20:36:48 INFO DiskBlockManager: Created local directory at /tmp/blockmgr-d39fa796-6ec7-44e9-bbe4-8318920176ac
[2025-10-28T20:36:48.026+0000] {subprocess.py:106} INFO - 25/10/28 20:36:48 INFO MemoryStore: MemoryStore started with capacity 434.4 MiB
[2025-10-28T20:36:48.048+0000] {subprocess.py:106} INFO - 25/10/28 20:36:48 INFO SparkEnv: Registering OutputCommitCoordinator
[2025-10-28T20:36:48.249+0000] {subprocess.py:106} INFO - 25/10/28 20:36:48 INFO JettyUtils: Start Jetty 0.0.0.0:4040 for SparkUI
[2025-10-28T20:36:48.318+0000] {subprocess.py:106} INFO - 25/10/28 20:36:48 INFO Utils: Successfully started service 'SparkUI' on port 4040.
[2025-10-28T20:36:48.359+0000] {subprocess.py:106} INFO - 25/10/28 20:36:48 INFO SparkContext: Added JAR file:///home/spark/.ivy2/jars/org.apache.iceberg_iceberg-spark-runtime-3.5_2.12-1.5.0.jar at spark://68d0d8c522fe:33363/jars/org.apache.iceberg_iceberg-spark-runtime-3.5_2.12-1.5.0.jar with timestamp 1761683807383
[2025-10-28T20:36:48.364+0000] {subprocess.py:106} INFO - 25/10/28 20:36:48 INFO SparkContext: Added file file:///home/spark/.ivy2/jars/org.apache.iceberg_iceberg-spark-runtime-3.5_2.12-1.5.0.jar at spark://68d0d8c522fe:33363/files/org.apache.iceberg_iceberg-spark-runtime-3.5_2.12-1.5.0.jar with timestamp 1761683807383
[2025-10-28T20:36:48.367+0000] {subprocess.py:106} INFO - 25/10/28 20:36:48 INFO Utils: Copying /home/spark/.ivy2/jars/org.apache.iceberg_iceberg-spark-runtime-3.5_2.12-1.5.0.jar to /tmp/spark-1f2ae55e-d5d1-4f78-937d-177c7334923d/userFiles-5cc40060-da71-4efb-bee2-972aaec8ed1f/org.apache.iceberg_iceberg-spark-runtime-3.5_2.12-1.5.0.jar
[2025-10-28T20:36:48.565+0000] {subprocess.py:106} INFO - 25/10/28 20:36:48 INFO StandaloneAppClient$ClientEndpoint: Connecting to master spark://spark-master:7077...
[2025-10-28T20:36:48.633+0000] {subprocess.py:106} INFO - 25/10/28 20:36:48 INFO TransportClientFactory: Successfully created connection to spark-master/172.30.0.6:7077 after 46 ms (0 ms spent in bootstraps)
[2025-10-28T20:36:48.723+0000] {subprocess.py:106} INFO - 25/10/28 20:36:48 INFO StandaloneSchedulerBackend: Connected to Spark cluster with app ID app-20251028203648-0002
[2025-10-28T20:36:48.726+0000] {subprocess.py:106} INFO - 25/10/28 20:36:48 INFO StandaloneAppClient$ClientEndpoint: Executor added: app-20251028203648-0002/0 on worker-20251028183816-172.30.0.7-36417 (172.30.0.7:36417) with 1 core(s)
[2025-10-28T20:36:48.727+0000] {subprocess.py:106} INFO - 25/10/28 20:36:48 INFO StandaloneSchedulerBackend: Granted executor ID app-20251028203648-0002/0 on hostPort 172.30.0.7:36417 with 1 core(s), 1024.0 MiB RAM
[2025-10-28T20:36:48.735+0000] {subprocess.py:106} INFO - 25/10/28 20:36:48 INFO Utils: Successfully started service 'org.apache.spark.network.netty.NettyBlockTransferService' on port 38203.
[2025-10-28T20:36:48.736+0000] {subprocess.py:106} INFO - 25/10/28 20:36:48 INFO NettyBlockTransferService: Server created on 68d0d8c522fe:38203
[2025-10-28T20:36:48.738+0000] {subprocess.py:106} INFO - 25/10/28 20:36:48 INFO BlockManager: Using org.apache.spark.storage.RandomBlockReplicationPolicy for block replication policy
[2025-10-28T20:36:48.745+0000] {subprocess.py:106} INFO - 25/10/28 20:36:48 INFO BlockManagerMaster: Registering BlockManager BlockManagerId(driver, 68d0d8c522fe, 38203, None)
[2025-10-28T20:36:48.749+0000] {subprocess.py:106} INFO - 25/10/28 20:36:48 INFO BlockManagerMasterEndpoint: Registering block manager 68d0d8c522fe:38203 with 434.4 MiB RAM, BlockManagerId(driver, 68d0d8c522fe, 38203, None)
[2025-10-28T20:36:48.752+0000] {subprocess.py:106} INFO - 25/10/28 20:36:48 INFO BlockManagerMaster: Registered BlockManager BlockManagerId(driver, 68d0d8c522fe, 38203, None)
[2025-10-28T20:36:48.753+0000] {subprocess.py:106} INFO - 25/10/28 20:36:48 INFO BlockManager: Initialized BlockManager: BlockManagerId(driver, 68d0d8c522fe, 38203, None)
[2025-10-28T20:36:48.804+0000] {subprocess.py:106} INFO - 25/10/28 20:36:48 INFO StandaloneAppClient$ClientEndpoint: Executor updated: app-20251028203648-0002/0 is now RUNNING
[2025-10-28T20:36:49.091+0000] {subprocess.py:106} INFO - 25/10/28 20:36:49 INFO StandaloneSchedulerBackend: SchedulerBackend is ready for scheduling beginning after reached minRegisteredResourcesRatio: 0.0
[2025-10-28T20:36:49.393+0000] {subprocess.py:106} INFO - 25/10/28 20:36:49 INFO SharedState: Setting hive.metastore.warehouse.dir ('null') to the value of spark.sql.warehouse.dir.
[2025-10-28T20:36:49.399+0000] {subprocess.py:106} INFO - 25/10/28 20:36:49 INFO SharedState: Warehouse path is 'file:/opt/spark/work-dir/spark-warehouse'.
[2025-10-28T20:36:52.069+0000] {subprocess.py:106} INFO - Traceback (most recent call last):
[2025-10-28T20:36:52.070+0000] {subprocess.py:106} INFO -   File "/opt/spark/scripts/Load_Bronze.py", line 33, in <module>
[2025-10-28T20:36:52.071+0000] {subprocess.py:106} INFO -     spark.read
[2025-10-28T20:36:52.071+0000] {subprocess.py:106} INFO -   File "/opt/spark/python/lib/pyspark.zip/pyspark/sql/readwriter.py", line 740, in csv
[2025-10-28T20:36:52.072+0000] {subprocess.py:106} INFO -   File "/opt/spark/python/lib/py4j-0.10.9.7-src.zip/py4j/java_gateway.py", line 1322, in __call__
[2025-10-28T20:36:52.073+0000] {subprocess.py:106} INFO -   File "/opt/spark/python/lib/pyspark.zip/pyspark/errors/exceptions/captured.py", line 185, in deco
[2025-10-28T20:36:52.081+0000] {subprocess.py:106} INFO - pyspark.errors.exceptions.captured.AnalysisException: [PATH_NOT_FOUND] Path does not exist: hdfs://dinhhoa-master:9000/data_lake/raw/itviec_jobs_full.csv.
[2025-10-28T20:36:52.122+0000] {subprocess.py:106} INFO - 25/10/28 20:36:52 INFO SparkContext: Invoking stop() from shutdown hook
[2025-10-28T20:36:52.126+0000] {subprocess.py:106} INFO - 25/10/28 20:36:52 INFO SparkContext: SparkContext is stopping with exitCode 0.
[2025-10-28T20:36:52.135+0000] {subprocess.py:106} INFO - 25/10/28 20:36:52 INFO SparkUI: Stopped Spark web UI at http://68d0d8c522fe:4040
[2025-10-28T20:36:52.142+0000] {subprocess.py:106} INFO - 25/10/28 20:36:52 INFO StandaloneSchedulerBackend: Shutting down all executors
[2025-10-28T20:36:52.143+0000] {subprocess.py:106} INFO - 25/10/28 20:36:52 INFO StandaloneSchedulerBackend$StandaloneDriverEndpoint: Asking each executor to shut down
[2025-10-28T20:36:52.164+0000] {subprocess.py:106} INFO - 25/10/28 20:36:52 INFO MapOutputTrackerMasterEndpoint: MapOutputTrackerMasterEndpoint stopped!
[2025-10-28T20:36:52.188+0000] {subprocess.py:106} INFO - 25/10/28 20:36:52 INFO MemoryStore: MemoryStore cleared
[2025-10-28T20:36:52.189+0000] {subprocess.py:106} INFO - 25/10/28 20:36:52 INFO BlockManager: BlockManager stopped
[2025-10-28T20:36:52.197+0000] {subprocess.py:106} INFO - 25/10/28 20:36:52 INFO BlockManagerMaster: BlockManagerMaster stopped
[2025-10-28T20:36:52.200+0000] {subprocess.py:106} INFO - 25/10/28 20:36:52 INFO OutputCommitCoordinator$OutputCommitCoordinatorEndpoint: OutputCommitCoordinator stopped!
[2025-10-28T20:36:52.218+0000] {subprocess.py:106} INFO - 25/10/28 20:36:52 INFO SparkContext: Successfully stopped SparkContext
[2025-10-28T20:36:52.220+0000] {subprocess.py:106} INFO - 25/10/28 20:36:52 INFO ShutdownHookManager: Shutdown hook called
[2025-10-28T20:36:52.220+0000] {subprocess.py:106} INFO - 25/10/28 20:36:52 INFO ShutdownHookManager: Deleting directory /tmp/spark-1f2ae55e-d5d1-4f78-937d-177c7334923d/pyspark-940d56ef-4fad-4310-9796-9e34b95d4edc
[2025-10-28T20:36:52.226+0000] {subprocess.py:106} INFO - 25/10/28 20:36:52 INFO ShutdownHookManager: Deleting directory /tmp/spark-1f2ae55e-d5d1-4f78-937d-177c7334923d
[2025-10-28T20:36:52.231+0000] {subprocess.py:106} INFO - 25/10/28 20:36:52 INFO ShutdownHookManager: Deleting directory /tmp/spark-4d1c7a58-4d7b-4f23-b6a0-216058457680
[2025-10-28T20:36:52.277+0000] {subprocess.py:110} INFO - Command exited with return code 1
[2025-10-28T20:36:52.299+0000] {taskinstance.py:3313} ERROR - Task failed with exception
Traceback (most recent call last):
  File "/home/airflow/.local/lib/python3.8/site-packages/airflow/models/taskinstance.py", line 763, in _execute_task
    result = _execute_callable(context=context, **execute_callable_kwargs)
  File "/home/airflow/.local/lib/python3.8/site-packages/airflow/models/taskinstance.py", line 734, in _execute_callable
    return ExecutionCallableRunner(
  File "/home/airflow/.local/lib/python3.8/site-packages/airflow/utils/operator_helpers.py", line 252, in run
    return self.func(*args, **kwargs)
  File "/home/airflow/.local/lib/python3.8/site-packages/airflow/models/baseoperator.py", line 424, in wrapper
    return func(self, *args, **kwargs)
  File "/home/airflow/.local/lib/python3.8/site-packages/airflow/operators/bash.py", line 276, in execute
    raise AirflowException(
airflow.exceptions.AirflowException: Bash command failed. The command returned a non-zero exit code 1.
[2025-10-28T20:36:52.303+0000] {taskinstance.py:1226} INFO - Marking task as FAILED. dag_id=crawl_etl_itjob, task_id=load_bronze, run_id=manual__2025-10-28T14:22:46.701447+00:00, execution_date=20251028T142246, start_date=20251028T203643, end_date=20251028T203652
[2025-10-28T20:36:52.339+0000] {warnings.py:109} WARNING - /home/***/.local/lib/python3.8/site-packages/***/utils/email.py:155: RemovedInAirflow3Warning: Fetching SMTP credentials from configuration variables will be deprecated in a future release. Please set credentials using a connection instead.
  send_mime_email(e_from=mail_from, e_to=recipients, mime_msg=msg, conn_id=conn_id, dryrun=dryrun)

[2025-10-28T20:36:52.340+0000] {configuration.py:1074} WARNING - section/key [smtp/smtp_user] not found in config
[2025-10-28T20:36:52.340+0000] {email.py:272} INFO - Email alerting: attempt 1
[2025-10-28T20:36:52.360+0000] {configuration.py:1074} WARNING - section/key [smtp/smtp_user] not found in config
[2025-10-28T20:36:52.360+0000] {email.py:272} INFO - Email alerting: attempt 1
[2025-10-28T20:36:52.361+0000] {taskinstance.py:1235} ERROR - Failed to send email to: ['alert@datateam.local']
Traceback (most recent call last):
  File "/home/airflow/.local/lib/python3.8/site-packages/airflow/models/taskinstance.py", line 274, in _run_raw_task
    TaskInstance._execute_task_with_callbacks(
  File "/home/airflow/.local/lib/python3.8/site-packages/airflow/models/taskinstance.py", line 3161, in _execute_task_with_callbacks
    result = self._execute_task(context, task_orig)
  File "/home/airflow/.local/lib/python3.8/site-packages/airflow/models/taskinstance.py", line 3185, in _execute_task
    return _execute_task(self, context, task_orig)
  File "/home/airflow/.local/lib/python3.8/site-packages/airflow/models/taskinstance.py", line 763, in _execute_task
    result = _execute_callable(context=context, **execute_callable_kwargs)
  File "/home/airflow/.local/lib/python3.8/site-packages/airflow/models/taskinstance.py", line 734, in _execute_callable
    return ExecutionCallableRunner(
  File "/home/airflow/.local/lib/python3.8/site-packages/airflow/utils/operator_helpers.py", line 252, in run
    return self.func(*args, **kwargs)
  File "/home/airflow/.local/lib/python3.8/site-packages/airflow/models/baseoperator.py", line 424, in wrapper
    return func(self, *args, **kwargs)
  File "/home/airflow/.local/lib/python3.8/site-packages/airflow/operators/bash.py", line 276, in execute
    raise AirflowException(
airflow.exceptions.AirflowException: Bash command failed. The command returned a non-zero exit code 1.

During handling of the above exception, another exception occurred:

Traceback (most recent call last):
  File "/home/airflow/.local/lib/python3.8/site-packages/airflow/models/taskinstance.py", line 1443, in _email_alert
    send_email(task.email, subject, html_content)
  File "/home/airflow/.local/lib/python3.8/site-packages/airflow/utils/email.py", line 80, in send_email
    return backend(
  File "/home/airflow/.local/lib/python3.8/site-packages/airflow/utils/email.py", line 155, in send_email_smtp
    send_mime_email(e_from=mail_from, e_to=recipients, mime_msg=msg, conn_id=conn_id, dryrun=dryrun)
  File "/home/airflow/.local/lib/python3.8/site-packages/airflow/utils/email.py", line 274, in send_mime_email
    smtp_conn = _get_smtp_connection(smtp_host, smtp_port, smtp_timeout, smtp_ssl)
  File "/home/airflow/.local/lib/python3.8/site-packages/airflow/utils/email.py", line 318, in _get_smtp_connection
    return smtplib.SMTP(host=host, port=port, timeout=timeout)
  File "/usr/local/lib/python3.8/smtplib.py", line 255, in __init__
    (code, msg) = self.connect(host, port)
  File "/usr/local/lib/python3.8/smtplib.py", line 339, in connect
    self.sock = self._get_socket(host, port, self.timeout)
  File "/usr/local/lib/python3.8/smtplib.py", line 310, in _get_socket
    return socket.create_connection((host, port), timeout,
  File "/usr/local/lib/python3.8/socket.py", line 808, in create_connection
    raise err
  File "/usr/local/lib/python3.8/socket.py", line 796, in create_connection
    sock.connect(sa)
ConnectionRefusedError: [Errno 111] Connection refused

During handling of the above exception, another exception occurred:

Traceback (most recent call last):
  File "/home/airflow/.local/lib/python3.8/site-packages/airflow/models/taskinstance.py", line 1233, in _handle_failure
    task_instance.email_alert(error, failure_context["task"])
  File "/home/airflow/.local/lib/python3.8/site-packages/airflow/models/taskinstance.py", line 3611, in email_alert
    _email_alert(task_instance=self, exception=exception, task=task)
  File "/home/airflow/.local/lib/python3.8/site-packages/airflow/models/taskinstance.py", line 1445, in _email_alert
    send_email(task.email, subject, html_content_err)
  File "/home/airflow/.local/lib/python3.8/site-packages/airflow/utils/email.py", line 80, in send_email
    return backend(
  File "/home/airflow/.local/lib/python3.8/site-packages/airflow/utils/email.py", line 155, in send_email_smtp
    send_mime_email(e_from=mail_from, e_to=recipients, mime_msg=msg, conn_id=conn_id, dryrun=dryrun)
  File "/home/airflow/.local/lib/python3.8/site-packages/airflow/utils/email.py", line 274, in send_mime_email
    smtp_conn = _get_smtp_connection(smtp_host, smtp_port, smtp_timeout, smtp_ssl)
  File "/home/airflow/.local/lib/python3.8/site-packages/airflow/utils/email.py", line 318, in _get_smtp_connection
    return smtplib.SMTP(host=host, port=port, timeout=timeout)
  File "/usr/local/lib/python3.8/smtplib.py", line 255, in __init__
    (code, msg) = self.connect(host, port)
  File "/usr/local/lib/python3.8/smtplib.py", line 339, in connect
    self.sock = self._get_socket(host, port, self.timeout)
  File "/usr/local/lib/python3.8/smtplib.py", line 310, in _get_socket
    return socket.create_connection((host, port), timeout,
  File "/usr/local/lib/python3.8/socket.py", line 808, in create_connection
    raise err
  File "/usr/local/lib/python3.8/socket.py", line 796, in create_connection
    sock.connect(sa)
ConnectionRefusedError: [Errno 111] Connection refused
[2025-10-28T20:36:52.412+0000] {taskinstance.py:341} INFO - ::group::Post task execution logs
[2025-10-28T20:36:52.413+0000] {standard_task_runner.py:124} ERROR - Failed to execute job 31 for task load_bronze (Bash command failed. The command returned a non-zero exit code 1.; 171)
Traceback (most recent call last):
  File "/home/airflow/.local/lib/python3.8/site-packages/airflow/task/task_runner/standard_task_runner.py", line 117, in _start_by_fork
    ret = args.func(args, dag=self.dag)
  File "/home/airflow/.local/lib/python3.8/site-packages/airflow/cli/cli_config.py", line 49, in command
    return func(*args, **kwargs)
  File "/home/airflow/.local/lib/python3.8/site-packages/airflow/utils/cli.py", line 116, in wrapper
    return f(*args, **kwargs)
  File "/home/airflow/.local/lib/python3.8/site-packages/airflow/cli/commands/task_command.py", line 483, in task_run
    task_return_code = _run_task_by_selected_method(args, _dag, ti)
  File "/home/airflow/.local/lib/python3.8/site-packages/airflow/cli/commands/task_command.py", line 256, in _run_task_by_selected_method
    return _run_raw_task(args, ti)
  File "/home/airflow/.local/lib/python3.8/site-packages/airflow/cli/commands/task_command.py", line 341, in _run_raw_task
    return ti._run_raw_task(
  File "/home/airflow/.local/lib/python3.8/site-packages/airflow/utils/session.py", line 97, in wrapper
    return func(*args, session=session, **kwargs)
  File "/home/airflow/.local/lib/python3.8/site-packages/airflow/models/taskinstance.py", line 3006, in _run_raw_task
    return _run_raw_task(
  File "/home/airflow/.local/lib/python3.8/site-packages/airflow/models/taskinstance.py", line 274, in _run_raw_task
    TaskInstance._execute_task_with_callbacks(
  File "/home/airflow/.local/lib/python3.8/site-packages/airflow/models/taskinstance.py", line 3161, in _execute_task_with_callbacks
    result = self._execute_task(context, task_orig)
  File "/home/airflow/.local/lib/python3.8/site-packages/airflow/models/taskinstance.py", line 3185, in _execute_task
    return _execute_task(self, context, task_orig)
  File "/home/airflow/.local/lib/python3.8/site-packages/airflow/models/taskinstance.py", line 763, in _execute_task
    result = _execute_callable(context=context, **execute_callable_kwargs)
  File "/home/airflow/.local/lib/python3.8/site-packages/airflow/models/taskinstance.py", line 734, in _execute_callable
    return ExecutionCallableRunner(
  File "/home/airflow/.local/lib/python3.8/site-packages/airflow/utils/operator_helpers.py", line 252, in run
    return self.func(*args, **kwargs)
  File "/home/airflow/.local/lib/python3.8/site-packages/airflow/models/baseoperator.py", line 424, in wrapper
    return func(self, *args, **kwargs)
  File "/home/airflow/.local/lib/python3.8/site-packages/airflow/operators/bash.py", line 276, in execute
    raise AirflowException(
airflow.exceptions.AirflowException: Bash command failed. The command returned a non-zero exit code 1.
[2025-10-28T20:36:52.437+0000] {local_task_job_runner.py:266} INFO - Task exited with return code 1
[2025-10-28T20:36:52.471+0000] {taskinstance.py:3901} INFO - 0 downstream tasks scheduled from follow-on schedule check
[2025-10-28T20:36:52.477+0000] {local_task_job_runner.py:245} INFO - ::endgroup::
