[2025-10-20T02:30:05.428+0000] {local_task_job_runner.py:123} INFO - ::group::Pre task execution logs
[2025-10-20T02:30:05.482+0000] {taskinstance.py:2614} INFO - Dependencies all met for dep_context=non-requeueable deps ti=<TaskInstance: system_dag.train_lightGBM scheduled__2025-10-19T00:00:00+00:00 [queued]>
[2025-10-20T02:30:05.505+0000] {taskinstance.py:2614} INFO - Dependencies all met for dep_context=requeueable deps ti=<TaskInstance: system_dag.train_lightGBM scheduled__2025-10-19T00:00:00+00:00 [queued]>
[2025-10-20T02:30:05.506+0000] {taskinstance.py:2867} INFO - Starting attempt 2 of 3
[2025-10-20T02:30:05.528+0000] {taskinstance.py:2890} INFO - Executing <Task(BashOperator): train_lightGBM> on 2025-10-19 00:00:00+00:00
[2025-10-20T02:30:05.537+0000] {standard_task_runner.py:72} INFO - Started process 216 to run task
[2025-10-20T02:30:05.544+0000] {standard_task_runner.py:104} INFO - Running: ['***', 'tasks', 'run', 'system_dag', 'train_lightGBM', 'scheduled__2025-10-19T00:00:00+00:00', '--job-id', '66', '--raw', '--subdir', 'DAGS_FOLDER/system_dag.py', '--cfg-path', '/tmp/tmpkdzi2119']
[2025-10-20T02:30:05.549+0000] {standard_task_runner.py:105} INFO - Job 66: Subtask train_lightGBM
[2025-10-20T02:30:05.610+0000] {warnings.py:109} WARNING - /home/***/.local/lib/python3.8/site-packages/***/settings.py:209: DeprecationWarning: The sql_alchemy_conn option in [core] has been moved to the sql_alchemy_conn option in [database] - the old setting has been used, but please update your config.
  SQL_ALCHEMY_CONN = conf.get("database", "SQL_ALCHEMY_CONN")

[2025-10-20T02:30:05.773+0000] {task_command.py:467} INFO - Running <TaskInstance: system_dag.train_lightGBM scheduled__2025-10-19T00:00:00+00:00 [running]> on host 1432f256adfc
[2025-10-20T02:30:05.774+0000] {warnings.py:109} WARNING - /home/***/.local/lib/python3.8/site-packages/***/settings.py:470: DeprecationWarning: The sql_alchemy_conn option in [core] has been moved to the sql_alchemy_conn option in [database] - the old setting has been used, but please update your config.
  if conf.get("database", "sql_alchemy_conn") == "none://":

[2025-10-20T02:30:05.909+0000] {taskinstance.py:3134} INFO - Exporting env vars: AIRFLOW_CTX_DAG_EMAIL='alert@datateam.local' AIRFLOW_CTX_DAG_OWNER='***' AIRFLOW_CTX_DAG_ID='system_dag' AIRFLOW_CTX_TASK_ID='train_lightGBM' AIRFLOW_CTX_EXECUTION_DATE='2025-10-19T00:00:00+00:00' AIRFLOW_CTX_TRY_NUMBER='2' AIRFLOW_CTX_DAG_RUN_ID='scheduled__2025-10-19T00:00:00+00:00'
[2025-10-20T02:30:05.910+0000] {taskinstance.py:732} INFO - ::endgroup::
[2025-10-20T02:30:05.923+0000] {subprocess.py:78} INFO - Tmp dir root location: /tmp
[2025-10-20T02:30:05.924+0000] {subprocess.py:88} INFO - Running command: ['/bin/bash', '-c', '\n        docker exec spark-submit /opt/spark/bin/spark-submit         --master spark://spark-master:7077         --deploy-mode client         /opt/***/scripts/train_lightGBM.py\n        ']
[2025-10-20T02:30:05.934+0000] {subprocess.py:99} INFO - Output:
[2025-10-20T02:30:09.505+0000] {subprocess.py:106} INFO - Traceback (most recent call last):
[2025-10-20T02:30:09.505+0000] {subprocess.py:106} INFO -   File "/opt/***/scripts/train_lightGBM.py", line 11, in <module>
[2025-10-20T02:30:09.506+0000] {subprocess.py:106} INFO -     from pyarrow import fs
[2025-10-20T02:30:09.507+0000] {subprocess.py:106} INFO - ModuleNotFoundError: No module named 'pyarrow'
[2025-10-20T02:30:09.667+0000] {subprocess.py:106} INFO - 25/10/20 02:30:09 INFO ShutdownHookManager: Shutdown hook called
[2025-10-20T02:30:09.672+0000] {subprocess.py:106} INFO - 25/10/20 02:30:09 INFO ShutdownHookManager: Deleting directory /tmp/spark-c5b13b35-1380-4bd3-b4c7-8f0e9f1adecc
[2025-10-20T02:30:09.707+0000] {subprocess.py:110} INFO - Command exited with return code 1
[2025-10-20T02:30:09.739+0000] {taskinstance.py:3313} ERROR - Task failed with exception
Traceback (most recent call last):
  File "/home/airflow/.local/lib/python3.8/site-packages/airflow/models/taskinstance.py", line 768, in _execute_task
    result = _execute_callable(context=context, **execute_callable_kwargs)
  File "/home/airflow/.local/lib/python3.8/site-packages/airflow/models/taskinstance.py", line 734, in _execute_callable
    return ExecutionCallableRunner(
  File "/home/airflow/.local/lib/python3.8/site-packages/airflow/utils/operator_helpers.py", line 252, in run
    return self.func(*args, **kwargs)
  File "/home/airflow/.local/lib/python3.8/site-packages/airflow/models/baseoperator.py", line 424, in wrapper
    return func(self, *args, **kwargs)
  File "/home/airflow/.local/lib/python3.8/site-packages/airflow/operators/bash.py", line 276, in execute
    raise AirflowException(
airflow.exceptions.AirflowException: Bash command failed. The command returned a non-zero exit code 1.
[2025-10-20T02:30:09.757+0000] {taskinstance.py:1226} INFO - Marking task as UP_FOR_RETRY. dag_id=system_dag, task_id=train_lightGBM, run_id=scheduled__2025-10-19T00:00:00+00:00, execution_date=20251019T000000, start_date=20251020T023005, end_date=20251020T023009
[2025-10-20T02:30:09.847+0000] {taskinstance.py:341} INFO - ::group::Post task execution logs
[2025-10-20T02:30:09.848+0000] {standard_task_runner.py:124} ERROR - Failed to execute job 66 for task train_lightGBM (Bash command failed. The command returned a non-zero exit code 1.; 216)
Traceback (most recent call last):
  File "/home/airflow/.local/lib/python3.8/site-packages/airflow/task/task_runner/standard_task_runner.py", line 117, in _start_by_fork
    ret = args.func(args, dag=self.dag)
  File "/home/airflow/.local/lib/python3.8/site-packages/airflow/cli/cli_config.py", line 49, in command
    return func(*args, **kwargs)
  File "/home/airflow/.local/lib/python3.8/site-packages/airflow/utils/cli.py", line 116, in wrapper
    return f(*args, **kwargs)
  File "/home/airflow/.local/lib/python3.8/site-packages/airflow/cli/commands/task_command.py", line 483, in task_run
    task_return_code = _run_task_by_selected_method(args, _dag, ti)
  File "/home/airflow/.local/lib/python3.8/site-packages/airflow/cli/commands/task_command.py", line 256, in _run_task_by_selected_method
    return _run_raw_task(args, ti)
  File "/home/airflow/.local/lib/python3.8/site-packages/airflow/cli/commands/task_command.py", line 341, in _run_raw_task
    return ti._run_raw_task(
  File "/home/airflow/.local/lib/python3.8/site-packages/airflow/utils/session.py", line 97, in wrapper
    return func(*args, session=session, **kwargs)
  File "/home/airflow/.local/lib/python3.8/site-packages/airflow/models/taskinstance.py", line 3006, in _run_raw_task
    return _run_raw_task(
  File "/home/airflow/.local/lib/python3.8/site-packages/airflow/models/taskinstance.py", line 274, in _run_raw_task
    TaskInstance._execute_task_with_callbacks(
  File "/home/airflow/.local/lib/python3.8/site-packages/airflow/models/taskinstance.py", line 3161, in _execute_task_with_callbacks
    result = self._execute_task(context, task_orig)
  File "/home/airflow/.local/lib/python3.8/site-packages/airflow/models/taskinstance.py", line 3185, in _execute_task
    return _execute_task(self, context, task_orig)
  File "/home/airflow/.local/lib/python3.8/site-packages/airflow/models/taskinstance.py", line 768, in _execute_task
    result = _execute_callable(context=context, **execute_callable_kwargs)
  File "/home/airflow/.local/lib/python3.8/site-packages/airflow/models/taskinstance.py", line 734, in _execute_callable
    return ExecutionCallableRunner(
  File "/home/airflow/.local/lib/python3.8/site-packages/airflow/utils/operator_helpers.py", line 252, in run
    return self.func(*args, **kwargs)
  File "/home/airflow/.local/lib/python3.8/site-packages/airflow/models/baseoperator.py", line 424, in wrapper
    return func(self, *args, **kwargs)
  File "/home/airflow/.local/lib/python3.8/site-packages/airflow/operators/bash.py", line 276, in execute
    raise AirflowException(
airflow.exceptions.AirflowException: Bash command failed. The command returned a non-zero exit code 1.
[2025-10-20T02:30:09.898+0000] {local_task_job_runner.py:266} INFO - Task exited with return code 1
[2025-10-20T02:30:09.967+0000] {taskinstance.py:3901} INFO - 0 downstream tasks scheduled from follow-on schedule check
[2025-10-20T02:30:09.970+0000] {local_task_job_runner.py:245} INFO - ::endgroup::
