[2025-10-28T18:57:16.087+0000] {local_task_job_runner.py:123} INFO - ::group::Pre task execution logs
[2025-10-28T18:57:16.122+0000] {taskinstance.py:2614} INFO - Dependencies all met for dep_context=non-requeueable deps ti=<TaskInstance: crawl_etl_itjob.load_bronze scheduled__2025-10-27T02:00:00+00:00 [queued]>
[2025-10-28T18:57:16.133+0000] {taskinstance.py:2614} INFO - Dependencies all met for dep_context=requeueable deps ti=<TaskInstance: crawl_etl_itjob.load_bronze scheduled__2025-10-27T02:00:00+00:00 [queued]>
[2025-10-28T18:57:16.133+0000] {taskinstance.py:2867} INFO - Starting attempt 1 of 2
[2025-10-28T18:57:16.145+0000] {taskinstance.py:2890} INFO - Executing <Task(BashOperator): load_bronze> on 2025-10-27 02:00:00+00:00
[2025-10-28T18:57:16.149+0000] {standard_task_runner.py:72} INFO - Started process 55 to run task
[2025-10-28T18:57:16.153+0000] {standard_task_runner.py:104} INFO - Running: ['***', 'tasks', 'run', 'crawl_etl_itjob', 'load_bronze', 'scheduled__2025-10-27T02:00:00+00:00', '--job-id', '23', '--raw', '--subdir', 'DAGS_FOLDER/Crawl_ETL_ITJob.py', '--cfg-path', '/tmp/tmpugdb4k2b']
[2025-10-28T18:57:16.154+0000] {standard_task_runner.py:105} INFO - Job 23: Subtask load_bronze
[2025-10-28T18:57:16.179+0000] {warnings.py:109} WARNING - /home/***/.local/lib/python3.8/site-packages/***/settings.py:209: DeprecationWarning: The sql_alchemy_conn option in [core] has been moved to the sql_alchemy_conn option in [database] - the old setting has been used, but please update your config.
  SQL_ALCHEMY_CONN = conf.get("database", "SQL_ALCHEMY_CONN")

[2025-10-28T18:57:16.256+0000] {task_command.py:467} INFO - Running <TaskInstance: crawl_etl_itjob.load_bronze scheduled__2025-10-27T02:00:00+00:00 [running]> on host a1de7f96d4f1
[2025-10-28T18:57:16.257+0000] {warnings.py:109} WARNING - /home/***/.local/lib/python3.8/site-packages/***/settings.py:470: DeprecationWarning: The sql_alchemy_conn option in [core] has been moved to the sql_alchemy_conn option in [database] - the old setting has been used, but please update your config.
  if conf.get("database", "sql_alchemy_conn") == "none://":

[2025-10-28T18:57:16.382+0000] {taskinstance.py:3134} INFO - Exporting env vars: AIRFLOW_CTX_DAG_EMAIL='alert@datateam.local' AIRFLOW_CTX_DAG_OWNER='***' AIRFLOW_CTX_DAG_ID='crawl_etl_itjob' AIRFLOW_CTX_TASK_ID='load_bronze' AIRFLOW_CTX_EXECUTION_DATE='2025-10-27T02:00:00+00:00' AIRFLOW_CTX_TRY_NUMBER='1' AIRFLOW_CTX_DAG_RUN_ID='scheduled__2025-10-27T02:00:00+00:00'
[2025-10-28T18:57:16.383+0000] {taskinstance.py:732} INFO - ::endgroup::
[2025-10-28T18:57:16.407+0000] {subprocess.py:78} INFO - Tmp dir root location: /tmp
[2025-10-28T18:57:16.409+0000] {subprocess.py:88} INFO - Running command: ['/bin/bash', '-c', "\n        docker exec spark-submit bash -c '\n        /opt/spark/bin/spark-submit         --master spark://spark-master:7077         --deploy-mode client         --packages org.apache.iceberg:iceberg-spark-runtime-3.5_2.12:1.5.0         /opt/***/scripts/Load_Bronze.py\n        '\n        "]
[2025-10-28T18:57:16.420+0000] {subprocess.py:99} INFO - Output:
[2025-10-28T18:57:18.808+0000] {subprocess.py:106} INFO - :: loading settings :: url = jar:file:/opt/spark/jars/ivy-2.5.1.jar!/org/apache/ivy/core/settings/ivysettings.xml
[2025-10-28T18:57:18.971+0000] {subprocess.py:106} INFO - Ivy Default Cache set to: /home/spark/.ivy2/cache
[2025-10-28T18:57:18.972+0000] {subprocess.py:106} INFO - The jars for the packages stored in: /home/spark/.ivy2/jars
[2025-10-28T18:57:18.979+0000] {subprocess.py:106} INFO - org.apache.iceberg#iceberg-spark-runtime-3.5_2.12 added as a dependency
[2025-10-28T18:57:18.981+0000] {subprocess.py:106} INFO - :: resolving dependencies :: org.apache.spark#spark-submit-parent-d3fd1ab5-53e7-4fdb-81c2-be43ae2dc4e0;1.0
[2025-10-28T18:57:18.982+0000] {subprocess.py:106} INFO - 	confs: [default]
[2025-10-28T18:57:19.738+0000] {subprocess.py:106} INFO - 	found org.apache.iceberg#iceberg-spark-runtime-3.5_2.12;1.5.0 in central
[2025-10-28T18:57:19.943+0000] {subprocess.py:106} INFO - downloading https://repo1.maven.org/maven2/org/apache/iceberg/iceberg-spark-runtime-3.5_2.12/1.5.0/iceberg-spark-runtime-3.5_2.12-1.5.0.jar ...
[2025-10-28T18:58:36.648+0000] {subprocess.py:106} INFO - 	[SUCCESSFUL ] org.apache.iceberg#iceberg-spark-runtime-3.5_2.12;1.5.0!iceberg-spark-runtime-3.5_2.12.jar (76894ms)
[2025-10-28T18:58:36.650+0000] {subprocess.py:106} INFO - :: resolution report :: resolve 772ms :: artifacts dl 76897ms
[2025-10-28T18:58:36.650+0000] {subprocess.py:106} INFO - 	:: modules in use:
[2025-10-28T18:58:36.650+0000] {subprocess.py:106} INFO - 	org.apache.iceberg#iceberg-spark-runtime-3.5_2.12;1.5.0 from central in [default]
[2025-10-28T18:58:36.651+0000] {subprocess.py:106} INFO - 	---------------------------------------------------------------------
[2025-10-28T18:58:36.651+0000] {subprocess.py:106} INFO - 	|                  |            modules            ||   artifacts   |
[2025-10-28T18:58:36.651+0000] {subprocess.py:106} INFO - 	|       conf       | number| search|dwnlded|evicted|| number|dwnlded|
[2025-10-28T18:58:36.651+0000] {subprocess.py:106} INFO - 	---------------------------------------------------------------------
[2025-10-28T18:58:36.652+0000] {subprocess.py:106} INFO - 	|      default     |   1   |   1   |   1   |   0   ||   1   |   1   |
[2025-10-28T18:58:36.652+0000] {subprocess.py:106} INFO - 	---------------------------------------------------------------------
[2025-10-28T18:58:36.654+0000] {subprocess.py:106} INFO - :: retrieving :: org.apache.spark#spark-submit-parent-d3fd1ab5-53e7-4fdb-81c2-be43ae2dc4e0
[2025-10-28T18:58:36.655+0000] {subprocess.py:106} INFO - 	confs: [default]
[2025-10-28T18:58:36.704+0000] {subprocess.py:106} INFO - 	1 artifacts copied, 0 already retrieved (40626kB/50ms)
[2025-10-28T18:58:36.949+0000] {subprocess.py:106} INFO - 25/10/28 18:58:36 WARN NativeCodeLoader: Unable to load native-hadoop library for your platform... using builtin-java classes where applicable
[2025-10-28T18:58:37.488+0000] {subprocess.py:106} INFO - python3: can't open file '/opt/***/scripts/Load_Bronze.py': [Errno 2] No such file or directory
[2025-10-28T18:58:37.507+0000] {subprocess.py:106} INFO - 25/10/28 18:58:37 INFO ShutdownHookManager: Shutdown hook called
[2025-10-28T18:58:37.510+0000] {subprocess.py:106} INFO - 25/10/28 18:58:37 INFO ShutdownHookManager: Deleting directory /tmp/spark-f89f8252-4073-4468-903f-849b95be7181
[2025-10-28T18:58:37.576+0000] {subprocess.py:110} INFO - Command exited with return code 2
[2025-10-28T18:58:37.620+0000] {taskinstance.py:3313} ERROR - Task failed with exception
Traceback (most recent call last):
  File "/home/airflow/.local/lib/python3.8/site-packages/airflow/models/taskinstance.py", line 763, in _execute_task
    result = _execute_callable(context=context, **execute_callable_kwargs)
  File "/home/airflow/.local/lib/python3.8/site-packages/airflow/models/taskinstance.py", line 734, in _execute_callable
    return ExecutionCallableRunner(
  File "/home/airflow/.local/lib/python3.8/site-packages/airflow/utils/operator_helpers.py", line 252, in run
    return self.func(*args, **kwargs)
  File "/home/airflow/.local/lib/python3.8/site-packages/airflow/models/baseoperator.py", line 424, in wrapper
    return func(self, *args, **kwargs)
  File "/home/airflow/.local/lib/python3.8/site-packages/airflow/operators/bash.py", line 276, in execute
    raise AirflowException(
airflow.exceptions.AirflowException: Bash command failed. The command returned a non-zero exit code 2.
[2025-10-28T18:58:37.639+0000] {taskinstance.py:1226} INFO - Marking task as UP_FOR_RETRY. dag_id=crawl_etl_itjob, task_id=load_bronze, run_id=scheduled__2025-10-27T02:00:00+00:00, execution_date=20251027T020000, start_date=20251028T185716, end_date=20251028T185837
[2025-10-28T18:58:37.771+0000] {taskinstance.py:341} INFO - ::group::Post task execution logs
[2025-10-28T18:58:37.772+0000] {standard_task_runner.py:124} ERROR - Failed to execute job 23 for task load_bronze (Bash command failed. The command returned a non-zero exit code 2.; 55)
Traceback (most recent call last):
  File "/home/airflow/.local/lib/python3.8/site-packages/airflow/task/task_runner/standard_task_runner.py", line 117, in _start_by_fork
    ret = args.func(args, dag=self.dag)
  File "/home/airflow/.local/lib/python3.8/site-packages/airflow/cli/cli_config.py", line 49, in command
    return func(*args, **kwargs)
  File "/home/airflow/.local/lib/python3.8/site-packages/airflow/utils/cli.py", line 116, in wrapper
    return f(*args, **kwargs)
  File "/home/airflow/.local/lib/python3.8/site-packages/airflow/cli/commands/task_command.py", line 483, in task_run
    task_return_code = _run_task_by_selected_method(args, _dag, ti)
  File "/home/airflow/.local/lib/python3.8/site-packages/airflow/cli/commands/task_command.py", line 256, in _run_task_by_selected_method
    return _run_raw_task(args, ti)
  File "/home/airflow/.local/lib/python3.8/site-packages/airflow/cli/commands/task_command.py", line 341, in _run_raw_task
    return ti._run_raw_task(
  File "/home/airflow/.local/lib/python3.8/site-packages/airflow/utils/session.py", line 97, in wrapper
    return func(*args, session=session, **kwargs)
  File "/home/airflow/.local/lib/python3.8/site-packages/airflow/models/taskinstance.py", line 3006, in _run_raw_task
    return _run_raw_task(
  File "/home/airflow/.local/lib/python3.8/site-packages/airflow/models/taskinstance.py", line 274, in _run_raw_task
    TaskInstance._execute_task_with_callbacks(
  File "/home/airflow/.local/lib/python3.8/site-packages/airflow/models/taskinstance.py", line 3161, in _execute_task_with_callbacks
    result = self._execute_task(context, task_orig)
  File "/home/airflow/.local/lib/python3.8/site-packages/airflow/models/taskinstance.py", line 3185, in _execute_task
    return _execute_task(self, context, task_orig)
  File "/home/airflow/.local/lib/python3.8/site-packages/airflow/models/taskinstance.py", line 763, in _execute_task
    result = _execute_callable(context=context, **execute_callable_kwargs)
  File "/home/airflow/.local/lib/python3.8/site-packages/airflow/models/taskinstance.py", line 734, in _execute_callable
    return ExecutionCallableRunner(
  File "/home/airflow/.local/lib/python3.8/site-packages/airflow/utils/operator_helpers.py", line 252, in run
    return self.func(*args, **kwargs)
  File "/home/airflow/.local/lib/python3.8/site-packages/airflow/models/baseoperator.py", line 424, in wrapper
    return func(self, *args, **kwargs)
  File "/home/airflow/.local/lib/python3.8/site-packages/airflow/operators/bash.py", line 276, in execute
    raise AirflowException(
airflow.exceptions.AirflowException: Bash command failed. The command returned a non-zero exit code 2.
[2025-10-28T18:58:37.827+0000] {local_task_job_runner.py:266} INFO - Task exited with return code 1
[2025-10-28T18:58:37.937+0000] {taskinstance.py:3901} INFO - 0 downstream tasks scheduled from follow-on schedule check
[2025-10-28T18:58:37.941+0000] {local_task_job_runner.py:245} INFO - ::endgroup::
