[2025-10-28T19:56:49.049+0000] {local_task_job_runner.py:123} INFO - ::group::Pre task execution logs
[2025-10-28T19:56:49.107+0000] {taskinstance.py:2614} INFO - Dependencies all met for dep_context=non-requeueable deps ti=<TaskInstance: crawl_etl_itjob.crawl_data manual__2025-10-28T14:22:46.701447+00:00 [queued]>
[2025-10-28T19:56:49.120+0000] {taskinstance.py:2614} INFO - Dependencies all met for dep_context=requeueable deps ti=<TaskInstance: crawl_etl_itjob.crawl_data manual__2025-10-28T14:22:46.701447+00:00 [queued]>
[2025-10-28T19:56:49.121+0000] {taskinstance.py:2867} INFO - Starting attempt 3 of 4
[2025-10-28T19:56:49.149+0000] {taskinstance.py:2890} INFO - Executing <Task(BashOperator): crawl_data> on 2025-10-28 14:22:46.701447+00:00
[2025-10-28T19:56:49.155+0000] {standard_task_runner.py:72} INFO - Started process 127 to run task
[2025-10-28T19:56:49.160+0000] {standard_task_runner.py:104} INFO - Running: ['***', 'tasks', 'run', 'crawl_etl_itjob', 'crawl_data', 'manual__2025-10-28T14:22:46.701447+00:00', '--job-id', '28', '--raw', '--subdir', 'DAGS_FOLDER/Crawl_ETL_ITJob.py', '--cfg-path', '/tmp/tmpdz40yrw7']
[2025-10-28T19:56:49.162+0000] {standard_task_runner.py:105} INFO - Job 28: Subtask crawl_data
[2025-10-28T19:56:49.188+0000] {warnings.py:109} WARNING - /home/***/.local/lib/python3.8/site-packages/***/settings.py:209: DeprecationWarning: The sql_alchemy_conn option in [core] has been moved to the sql_alchemy_conn option in [database] - the old setting has been used, but please update your config.
  SQL_ALCHEMY_CONN = conf.get("database", "SQL_ALCHEMY_CONN")

[2025-10-28T19:56:49.265+0000] {task_command.py:467} INFO - Running <TaskInstance: crawl_etl_itjob.crawl_data manual__2025-10-28T14:22:46.701447+00:00 [running]> on host a1de7f96d4f1
[2025-10-28T19:56:49.418+0000] {taskinstance.py:3134} INFO - Exporting env vars: AIRFLOW_CTX_DAG_EMAIL='alert@datateam.local' AIRFLOW_CTX_DAG_OWNER='***' AIRFLOW_CTX_DAG_ID='crawl_etl_itjob' AIRFLOW_CTX_TASK_ID='crawl_data' AIRFLOW_CTX_EXECUTION_DATE='2025-10-28T14:22:46.701447+00:00' AIRFLOW_CTX_TRY_NUMBER='3' AIRFLOW_CTX_DAG_RUN_ID='manual__2025-10-28T14:22:46.701447+00:00'
[2025-10-28T19:56:49.419+0000] {taskinstance.py:732} INFO - ::endgroup::
[2025-10-28T19:56:49.439+0000] {subprocess.py:78} INFO - Tmp dir root location: /tmp
[2025-10-28T19:56:49.440+0000] {subprocess.py:88} INFO - Running command: ['/bin/bash', '-c', 'docker exec spark-submit bash -c "xvfb-run -a python3 /opt/spark/scripts/Crawl_Data.py"']
[2025-10-28T19:56:49.453+0000] {subprocess.py:99} INFO - Output:
[2025-10-28T19:56:50.329+0000] {subprocess.py:106} INFO - ðŸš€ Báº¯t Ä‘áº§u crawl ITviec...
[2025-10-28T19:57:53.852+0000] {subprocess.py:106} INFO - Traceback (most recent call last):
[2025-10-28T19:57:53.853+0000] {subprocess.py:106} INFO -   File "/opt/spark/scripts/Crawl_Data.py", line 234, in <module>
[2025-10-28T19:57:53.854+0000] {subprocess.py:106} INFO -     df = crawl_itviec_jobs(pages=MAX_PAGES, headless=HEADLESS_MODE)
[2025-10-28T19:57:53.854+0000] {subprocess.py:106} INFO -   File "/opt/spark/scripts/Crawl_Data.py", line 77, in crawl_itviec_jobs
[2025-10-28T19:57:53.854+0000] {subprocess.py:106} INFO -     driver = create_chrome_driver(headless=headless)
[2025-10-28T19:57:53.855+0000] {subprocess.py:106} INFO -   File "/opt/spark/scripts/Crawl_Data.py", line 69, in create_chrome_driver
[2025-10-28T19:57:53.855+0000] {subprocess.py:106} INFO -     driver = uc.Chrome(options=options, version_main=140)
[2025-10-28T19:57:53.855+0000] {subprocess.py:106} INFO -   File "/usr/local/lib/python3.8/dist-packages/undetected_chromedriver/__init__.py", line 466, in __init__
[2025-10-28T19:57:53.855+0000] {subprocess.py:106} INFO -     super(Chrome, self).__init__(
[2025-10-28T19:57:53.856+0000] {subprocess.py:106} INFO -   File "/usr/local/lib/python3.8/dist-packages/selenium/webdriver/chrome/webdriver.py", line 45, in __init__
[2025-10-28T19:57:53.856+0000] {subprocess.py:106} INFO -     super().__init__(
[2025-10-28T19:57:53.856+0000] {subprocess.py:106} INFO -   File "/usr/local/lib/python3.8/dist-packages/selenium/webdriver/chromium/webdriver.py", line 66, in __init__
[2025-10-28T19:57:53.857+0000] {subprocess.py:106} INFO -     super().__init__(command_executor=executor, options=options)
[2025-10-28T19:57:53.857+0000] {subprocess.py:106} INFO -   File "/usr/local/lib/python3.8/dist-packages/selenium/webdriver/remote/webdriver.py", line 241, in __init__
[2025-10-28T19:57:53.857+0000] {subprocess.py:106} INFO -     self.start_session(capabilities)
[2025-10-28T19:57:53.857+0000] {subprocess.py:106} INFO -   File "/usr/local/lib/python3.8/dist-packages/undetected_chromedriver/__init__.py", line 724, in start_session
[2025-10-28T19:57:53.858+0000] {subprocess.py:106} INFO -     super(selenium.webdriver.chrome.webdriver.WebDriver, self).start_session(
[2025-10-28T19:57:53.858+0000] {subprocess.py:106} INFO -   File "/usr/local/lib/python3.8/dist-packages/selenium/webdriver/remote/webdriver.py", line 329, in start_session
[2025-10-28T19:57:53.858+0000] {subprocess.py:106} INFO -     response = self.execute(Command.NEW_SESSION, caps)["value"]
[2025-10-28T19:57:53.858+0000] {subprocess.py:106} INFO -   File "/usr/local/lib/python3.8/dist-packages/selenium/webdriver/remote/webdriver.py", line 384, in execute
[2025-10-28T19:57:53.858+0000] {subprocess.py:106} INFO -     self.error_handler.check_response(response)
[2025-10-28T19:57:53.859+0000] {subprocess.py:106} INFO -   File "/usr/local/lib/python3.8/dist-packages/selenium/webdriver/remote/errorhandler.py", line 232, in check_response
[2025-10-28T19:57:53.859+0000] {subprocess.py:106} INFO -     raise exception_class(message, screen, stacktrace)
[2025-10-28T19:57:53.859+0000] {subprocess.py:106} INFO - selenium.common.exceptions.SessionNotCreatedException: Message: session not created: cannot connect to chrome at 127.0.0.1:44505
[2025-10-28T19:57:53.859+0000] {subprocess.py:106} INFO - from chrome not reachable
[2025-10-28T19:57:53.860+0000] {subprocess.py:106} INFO - Stacktrace:
[2025-10-28T19:57:53.860+0000] {subprocess.py:106} INFO - #0 0x6369a8f42fba <unknown>
[2025-10-28T19:57:53.860+0000] {subprocess.py:106} INFO - #1 0x6369a89c7523 <unknown>
[2025-10-28T19:57:53.860+0000] {subprocess.py:106} INFO - #2 0x6369a89b34b6 <unknown>
[2025-10-28T19:57:53.860+0000] {subprocess.py:106} INFO - #3 0x6369a8a070bc <unknown>
[2025-10-28T19:57:53.860+0000] {subprocess.py:106} INFO - #4 0x6369a89fc9ed <unknown>
[2025-10-28T19:57:53.861+0000] {subprocess.py:106} INFO - #5 0x6369a8a4d280 <unknown>
[2025-10-28T19:57:53.861+0000] {subprocess.py:106} INFO - #6 0x6369a8a4c946 <unknown>
[2025-10-28T19:57:53.861+0000] {subprocess.py:106} INFO - #7 0x6369a8a3ec03 <unknown>
[2025-10-28T19:57:53.861+0000] {subprocess.py:106} INFO - #8 0x6369a8a0b7a8 <unknown>
[2025-10-28T19:57:53.861+0000] {subprocess.py:106} INFO - #9 0x6369a8a0c421 <unknown>
[2025-10-28T19:57:53.862+0000] {subprocess.py:106} INFO - #10 0x6369a8f07b28 <unknown>
[2025-10-28T19:57:53.862+0000] {subprocess.py:106} INFO - #11 0x6369a8f0b87f <unknown>
[2025-10-28T19:57:53.862+0000] {subprocess.py:106} INFO - #12 0x6369a8eefc49 <unknown>
[2025-10-28T19:57:53.862+0000] {subprocess.py:106} INFO - #13 0x6369a8f0c405 <unknown>
[2025-10-28T19:57:53.862+0000] {subprocess.py:106} INFO - #14 0x6369a8ed54ff <unknown>
[2025-10-28T19:57:53.863+0000] {subprocess.py:106} INFO - #15 0x6369a8f30258 <unknown>
[2025-10-28T19:57:53.863+0000] {subprocess.py:106} INFO - #16 0x6369a8f30432 <unknown>
[2025-10-28T19:57:53.863+0000] {subprocess.py:106} INFO - #17 0x6369a8f41fa3 <unknown>
[2025-10-28T19:57:53.863+0000] {subprocess.py:106} INFO - #18 0x743bcb642609 start_thread
[2025-10-28T19:57:53.863+0000] {subprocess.py:106} INFO - 
[2025-10-28T19:57:53.944+0000] {subprocess.py:110} INFO - Command exited with return code 1
[2025-10-28T19:57:53.967+0000] {taskinstance.py:3313} ERROR - Task failed with exception
Traceback (most recent call last):
  File "/home/airflow/.local/lib/python3.8/site-packages/airflow/models/taskinstance.py", line 763, in _execute_task
    result = _execute_callable(context=context, **execute_callable_kwargs)
  File "/home/airflow/.local/lib/python3.8/site-packages/airflow/models/taskinstance.py", line 734, in _execute_callable
    return ExecutionCallableRunner(
  File "/home/airflow/.local/lib/python3.8/site-packages/airflow/utils/operator_helpers.py", line 252, in run
    return self.func(*args, **kwargs)
  File "/home/airflow/.local/lib/python3.8/site-packages/airflow/models/baseoperator.py", line 424, in wrapper
    return func(self, *args, **kwargs)
  File "/home/airflow/.local/lib/python3.8/site-packages/airflow/operators/bash.py", line 276, in execute
    raise AirflowException(
airflow.exceptions.AirflowException: Bash command failed. The command returned a non-zero exit code 1.
[2025-10-28T19:57:53.976+0000] {taskinstance.py:1226} INFO - Marking task as UP_FOR_RETRY. dag_id=crawl_etl_itjob, task_id=crawl_data, run_id=manual__2025-10-28T14:22:46.701447+00:00, execution_date=20251028T142246, start_date=20251028T195649, end_date=20251028T195753
[2025-10-28T19:57:54.039+0000] {taskinstance.py:341} INFO - ::group::Post task execution logs
[2025-10-28T19:57:54.040+0000] {standard_task_runner.py:124} ERROR - Failed to execute job 28 for task crawl_data (Bash command failed. The command returned a non-zero exit code 1.; 127)
Traceback (most recent call last):
  File "/home/airflow/.local/lib/python3.8/site-packages/airflow/task/task_runner/standard_task_runner.py", line 117, in _start_by_fork
    ret = args.func(args, dag=self.dag)
  File "/home/airflow/.local/lib/python3.8/site-packages/airflow/cli/cli_config.py", line 49, in command
    return func(*args, **kwargs)
  File "/home/airflow/.local/lib/python3.8/site-packages/airflow/utils/cli.py", line 116, in wrapper
    return f(*args, **kwargs)
  File "/home/airflow/.local/lib/python3.8/site-packages/airflow/cli/commands/task_command.py", line 483, in task_run
    task_return_code = _run_task_by_selected_method(args, _dag, ti)
  File "/home/airflow/.local/lib/python3.8/site-packages/airflow/cli/commands/task_command.py", line 256, in _run_task_by_selected_method
    return _run_raw_task(args, ti)
  File "/home/airflow/.local/lib/python3.8/site-packages/airflow/cli/commands/task_command.py", line 341, in _run_raw_task
    return ti._run_raw_task(
  File "/home/airflow/.local/lib/python3.8/site-packages/airflow/utils/session.py", line 97, in wrapper
    return func(*args, session=session, **kwargs)
  File "/home/airflow/.local/lib/python3.8/site-packages/airflow/models/taskinstance.py", line 3006, in _run_raw_task
    return _run_raw_task(
  File "/home/airflow/.local/lib/python3.8/site-packages/airflow/models/taskinstance.py", line 274, in _run_raw_task
    TaskInstance._execute_task_with_callbacks(
  File "/home/airflow/.local/lib/python3.8/site-packages/airflow/models/taskinstance.py", line 3161, in _execute_task_with_callbacks
    result = self._execute_task(context, task_orig)
  File "/home/airflow/.local/lib/python3.8/site-packages/airflow/models/taskinstance.py", line 3185, in _execute_task
    return _execute_task(self, context, task_orig)
  File "/home/airflow/.local/lib/python3.8/site-packages/airflow/models/taskinstance.py", line 763, in _execute_task
    result = _execute_callable(context=context, **execute_callable_kwargs)
  File "/home/airflow/.local/lib/python3.8/site-packages/airflow/models/taskinstance.py", line 734, in _execute_callable
    return ExecutionCallableRunner(
  File "/home/airflow/.local/lib/python3.8/site-packages/airflow/utils/operator_helpers.py", line 252, in run
    return self.func(*args, **kwargs)
  File "/home/airflow/.local/lib/python3.8/site-packages/airflow/models/baseoperator.py", line 424, in wrapper
    return func(self, *args, **kwargs)
  File "/home/airflow/.local/lib/python3.8/site-packages/airflow/operators/bash.py", line 276, in execute
    raise AirflowException(
airflow.exceptions.AirflowException: Bash command failed. The command returned a non-zero exit code 1.
[2025-10-28T19:57:54.057+0000] {local_task_job_runner.py:266} INFO - Task exited with return code 1
[2025-10-28T19:57:54.094+0000] {taskinstance.py:3901} INFO - 0 downstream tasks scheduled from follow-on schedule check
[2025-10-28T19:57:54.097+0000] {local_task_job_runner.py:245} INFO - ::endgroup::
